[0218/062400.011:INFO:CONSOLE(0)] "Refused to apply inline style because it violates the following Content Security Policy directive: "default-src 'none'". Either the 'unsafe-inline' keyword, a hash ('sha256-XF40drMRON9Qm0dC4qU9NBiM+fma+ykSbIFIj6R5yb4='), or a nonce ('nonce-...') is required to enable inline execution. Note also that 'style-src' was not explicitly set, so 'default-src' is used as a fallback.
", source: https://avatars0.githubusercontent.com/u/18733837?s=400&v=4 (0)
[0218/062400.011:INFO:CONSOLE(0)] "Refused to apply inline style because it violates the following Content Security Policy directive: "default-src 'none'". Either the 'unsafe-inline' keyword, a hash ('sha256-Km5mXQwrD0b7zkHYyvzvE+sRsITKXZI3tqFhWFdmNUk='), or a nonce ('nonce-...') is required to enable inline execution. Note also that 'style-src' was not explicitly set, so 'default-src' is used as a fallback.
", source: https://avatars0.githubusercontent.com/u/18733837?s=400&v=4 (0)
[0218/062400.011:INFO:CONSOLE(0)] "Refused to apply inline style because it violates the following Content Security Policy directive: "default-src 'none'". Either the 'unsafe-inline' keyword, a hash ('sha256-VPZ2mdsWWlqXOFgt1tAllbbJhG8t9bh6emP1o9GwJxY='), or a nonce ('nonce-...') is required to enable inline execution. Note also that 'style-src' was not explicitly set, so 'default-src' is used as a fallback.
", source: https://avatars0.githubusercontent.com/u/18733837?s=400&v=4 (0)
[0218/062400.244:INFO:CONSOLE(0)] "Refused to apply inline style because it violates the following Content Security Policy directive: "default-src 'none'". Either the 'unsafe-inline' keyword, a hash ('sha256-7aM9H8iBwRpsamP3ufblK/cy1/f/10TFBKnybYmxB9Y='), or a nonce ('nonce-...') is required to enable inline execution. Note also that 'style-src' was not explicitly set, so 'default-src' is used as a fallback.
", source: https://avatars0.githubusercontent.com/u/18733837?s=400&v=4 (0)
[0218/084318.980:ERROR:ssl_client_socket_impl.cc(1084)] handshake failed; returned -1, SSL error code 1, net_error -100
[0218/085223.772:ERROR:ssl_client_socket_impl.cc(1084)] handshake failed; returned -1, SSL error code 1, net_error -100
[0218/101821.322:WARNING:dns_config_service_win.cc(669)] Failed to read DnsConfig.
[0218/101826.325:WARNING:dns_config_service_win.cc(669)] Failed to read DnsConfig.
[0218/101837.596:WARNING:dns_config_service_win.cc(669)] Failed to read DnsConfig.
[0218/101842.598:WARNING:dns_config_service_win.cc(669)] Failed to read DnsConfig.
[0218/101847.600:WARNING:dns_config_service_win.cc(669)] Failed to read DnsConfig.
[0218/101852.605:WARNING:dns_config_service_win.cc(669)] Failed to read DnsConfig.
[0218/101857.607:WARNING:dns_config_service_win.cc(669)] Failed to read DnsConfig.
[0218/101923.353:WARNING:dns_config_service_win.cc(669)] Failed to read DnsConfig.
[0218/101928.356:WARNING:dns_config_service_win.cc(669)] Failed to read DnsConfig.
[0218/101933.357:WARNING:dns_config_service_win.cc(669)] Failed to read DnsConfig.
[0218/101938.361:WARNING:dns_config_service_win.cc(669)] Failed to read DnsConfig.
[0218/101943.365:WARNING:dns_config_service_win.cc(669)] Failed to read DnsConfig.
[0218/101948.372:WARNING:dns_config_service_win.cc(669)] Failed to read DnsConfig.
[0218/101953.375:WARNING:dns_config_service_win.cc(669)] Failed to read DnsConfig.
[0218/101958.380:WARNING:dns_config_service_win.cc(669)] Failed to read DnsConfig.
[0218/102003.389:WARNING:dns_config_service_win.cc(669)] Failed to read DnsConfig.
[0218/102008.392:WARNING:dns_config_service_win.cc(669)] Failed to read DnsConfig.
[0218/102013.396:WARNING:dns_config_service_win.cc(669)] Failed to read DnsConfig.
[0218/102018.399:WARNING:dns_config_service_win.cc(669)] Failed to read DnsConfig.
[0218/102023.403:WARNING:dns_config_service_win.cc(669)] Failed to read DnsConfig.
[0218/102054.970:WARNING:dns_config_service_win.cc(669)] Failed to read DnsConfig.
[0218/102059.972:WARNING:dns_config_service_win.cc(669)] Failed to read DnsConfig.
[0218/102104.976:WARNING:dns_config_service_win.cc(669)] Failed to read DnsConfig.
[0218/102109.982:WARNING:dns_config_service_win.cc(669)] Failed to read DnsConfig.
[0218/102114.988:WARNING:dns_config_service_win.cc(669)] Failed to read DnsConfig.
[0218/102119.992:WARNING:dns_config_service_win.cc(669)] Failed to read DnsConfig.
[0218/102124.998:WARNING:dns_config_service_win.cc(669)] Failed to read DnsConfig.
[0218/102130.003:WARNING:dns_config_service_win.cc(669)] Failed to read DnsConfig.
[0218/102135.007:WARNING:dns_config_service_win.cc(669)] Failed to read DnsConfig.
[0218/102140.011:WARNING:dns_config_service_win.cc(669)] Failed to read DnsConfig.
[0218/102145.013:WARNING:dns_config_service_win.cc(669)] Failed to read DnsConfig.
[0218/102150.015:WARNING:dns_config_service_win.cc(669)] Failed to read DnsConfig.
[0218/102155.019:WARNING:dns_config_service_win.cc(669)] Failed to read DnsConfig.
[0218/102200.029:WARNING:dns_config_service_win.cc(669)] Failed to read DnsConfig.
[0218/102205.035:WARNING:dns_config_service_win.cc(669)] Failed to read DnsConfig.
[0218/102210.038:WARNING:dns_config_service_win.cc(669)] Failed to read DnsConfig.
[0218/102215.047:WARNING:dns_config_service_win.cc(669)] Failed to read DnsConfig.
[0218/102220.050:WARNING:dns_config_service_win.cc(669)] Failed to read DnsConfig.
[0218/102309.509:WARNING:dns_config_service_win.cc(669)] Failed to read DnsConfig.
[0218/102314.512:WARNING:dns_config_service_win.cc(669)] Failed to read DnsConfig.
[0218/102319.517:WARNING:dns_config_service_win.cc(669)] Failed to read DnsConfig.
[0218/102324.521:WARNING:dns_config_service_win.cc(669)] Failed to read DnsConfig.
[0218/102329.525:WARNING:dns_config_service_win.cc(669)] Failed to read DnsConfig.
[0218/102334.531:WARNING:dns_config_service_win.cc(669)] Failed to read DnsConfig.
[0218/102437.725:WARNING:dns_config_service_win.cc(669)] Failed to read DnsConfig.
[0218/102442.728:WARNING:dns_config_service_win.cc(669)] Failed to read DnsConfig.
[0218/102447.736:WARNING:dns_config_service_win.cc(669)] Failed to read DnsConfig.
[0218/102452.741:WARNING:dns_config_service_win.cc(669)] Failed to read DnsConfig.
[0218/102457.743:WARNING:dns_config_service_win.cc(669)] Failed to read DnsConfig.
[0218/102558.423:WARNING:dns_config_service_win.cc(669)] Failed to read DnsConfig.
[0218/102603.425:WARNING:dns_config_service_win.cc(669)] Failed to read DnsConfig.
[0218/102608.429:WARNING:dns_config_service_win.cc(669)] Failed to read DnsConfig.
[0218/102613.431:WARNING:dns_config_service_win.cc(669)] Failed to read DnsConfig.
[0218/102618.434:WARNING:dns_config_service_win.cc(669)] Failed to read DnsConfig.
[0218/102623.438:WARNING:dns_config_service_win.cc(669)] Failed to read DnsConfig.
[0218/102628.443:WARNING:dns_config_service_win.cc(669)] Failed to read DnsConfig.
[0218/102806.935:WARNING:dns_config_service_win.cc(669)] Failed to read DnsConfig.
[0218/102811.938:WARNING:dns_config_service_win.cc(669)] Failed to read DnsConfig.
[0218/102816.938:WARNING:dns_config_service_win.cc(669)] Failed to read DnsConfig.
[0218/102821.942:WARNING:dns_config_service_win.cc(669)] Failed to read DnsConfig.
[0218/102826.944:WARNING:dns_config_service_win.cc(669)] Failed to read DnsConfig.
[0218/102831.950:WARNING:dns_config_service_win.cc(669)] Failed to read DnsConfig.
[0218/102836.956:WARNING:dns_config_service_win.cc(669)] Failed to read DnsConfig.
[0218/102841.962:WARNING:dns_config_service_win.cc(669)] Failed to read DnsConfig.
[0218/102846.968:WARNING:dns_config_service_win.cc(669)] Failed to read DnsConfig.
[0218/102851.971:WARNING:dns_config_service_win.cc(669)] Failed to read DnsConfig.
[0218/102856.979:WARNING:dns_config_service_win.cc(669)] Failed to read DnsConfig.
[0218/102901.983:WARNING:dns_config_service_win.cc(669)] Failed to read DnsConfig.
[0218/102906.988:WARNING:dns_config_service_win.cc(669)] Failed to read DnsConfig.
[0218/102912.007:WARNING:dns_config_service_win.cc(669)] Failed to read DnsConfig.
[0218/102939.174:WARNING:dns_config_service_win.cc(669)] Failed to read DnsConfig.
[0218/102944.176:WARNING:dns_config_service_win.cc(669)] Failed to read DnsConfig.
[0218/102949.179:WARNING:dns_config_service_win.cc(669)] Failed to read DnsConfig.
[0218/102954.185:WARNING:dns_config_service_win.cc(669)] Failed to read DnsConfig.
[0218/102959.186:WARNING:dns_config_service_win.cc(669)] Failed to read DnsConfig.
[0218/103004.190:WARNING:dns_config_service_win.cc(669)] Failed to read DnsConfig.
[0218/103009.194:WARNING:dns_config_service_win.cc(669)] Failed to read DnsConfig.
[0218/103014.200:WARNING:dns_config_service_win.cc(669)] Failed to read DnsConfig.
[0218/103019.205:WARNING:dns_config_service_win.cc(669)] Failed to read DnsConfig.
[0218/103024.210:WARNING:dns_config_service_win.cc(669)] Failed to read DnsConfig.
[0218/103029.215:WARNING:dns_config_service_win.cc(669)] Failed to read DnsConfig.
[0218/103034.220:WARNING:dns_config_service_win.cc(669)] Failed to read DnsConfig.
[0218/103039.223:WARNING:dns_config_service_win.cc(669)] Failed to read DnsConfig.
[0218/103044.228:WARNING:dns_config_service_win.cc(669)] Failed to read DnsConfig.
[0218/103049.230:WARNING:dns_config_service_win.cc(669)] Failed to read DnsConfig.
[0218/103054.234:WARNING:dns_config_service_win.cc(669)] Failed to read DnsConfig.
[0218/103059.237:WARNING:dns_config_service_win.cc(669)] Failed to read DnsConfig.
[0218/103242.194:WARNING:dns_config_service_win.cc(669)] Failed to read DnsConfig.
[0218/103247.195:WARNING:dns_config_service_win.cc(669)] Failed to read DnsConfig.
[0218/103427.964:WARNING:dns_config_service_win.cc(669)] Failed to read DnsConfig.
[0218/103432.966:WARNING:dns_config_service_win.cc(669)] Failed to read DnsConfig.
[0218/103516.392:WARNING:dns_config_service_win.cc(669)] Failed to read DnsConfig.
[0218/103521.394:WARNING:dns_config_service_win.cc(669)] Failed to read DnsConfig.
[0218/103526.396:WARNING:dns_config_service_win.cc(669)] Failed to read DnsConfig.
[0218/103531.398:WARNING:dns_config_service_win.cc(669)] Failed to read DnsConfig.
[0218/103536.401:WARNING:dns_config_service_win.cc(669)] Failed to read DnsConfig.
[0218/103541.401:WARNING:dns_config_service_win.cc(669)] Failed to read DnsConfig.
[0218/103546.407:WARNING:dns_config_service_win.cc(669)] Failed to read DnsConfig.
[0218/103551.413:WARNING:dns_config_service_win.cc(669)] Failed to read DnsConfig.
[0218/103556.415:WARNING:dns_config_service_win.cc(669)] Failed to read DnsConfig.
[0218/103601.418:WARNING:dns_config_service_win.cc(669)] Failed to read DnsConfig.
[0218/103606.422:WARNING:dns_config_service_win.cc(669)] Failed to read DnsConfig.
[0218/103611.427:WARNING:dns_config_service_win.cc(669)] Failed to read DnsConfig.
[0218/103637.908:WARNING:dns_config_service_win.cc(669)] Failed to read DnsConfig.
[0218/103642.913:WARNING:dns_config_service_win.cc(669)] Failed to read DnsConfig.
[0218/103647.916:WARNING:dns_config_service_win.cc(669)] Failed to read DnsConfig.
[0218/103652.922:WARNING:dns_config_service_win.cc(669)] Failed to read DnsConfig.
[0218/103721.543:WARNING:dns_config_service_win.cc(669)] Failed to read DnsConfig.
[0218/103726.545:WARNING:dns_config_service_win.cc(669)] Failed to read DnsConfig.
[0218/103731.550:WARNING:dns_config_service_win.cc(669)] Failed to read DnsConfig.
[0218/103736.555:WARNING:dns_config_service_win.cc(669)] Failed to read DnsConfig.
[0218/103741.559:WARNING:dns_config_service_win.cc(669)] Failed to read DnsConfig.
[0218/103746.563:WARNING:dns_config_service_win.cc(669)] Failed to read DnsConfig.
[0218/103751.567:WARNING:dns_config_service_win.cc(669)] Failed to read DnsConfig.
[0218/103756.571:WARNING:dns_config_service_win.cc(669)] Failed to read DnsConfig.
[0218/103801.576:WARNING:dns_config_service_win.cc(669)] Failed to read DnsConfig.
[0218/103806.581:WARNING:dns_config_service_win.cc(669)] Failed to read DnsConfig.
[0218/103811.582:WARNING:dns_config_service_win.cc(669)] Failed to read DnsConfig.
[0218/103855.433:WARNING:dns_config_service_win.cc(669)] Failed to read DnsConfig.
[0218/103900.436:WARNING:dns_config_service_win.cc(669)] Failed to read DnsConfig.
[0218/103905.437:WARNING:dns_config_service_win.cc(669)] Failed to read DnsConfig.
[0218/103910.442:WARNING:dns_config_service_win.cc(669)] Failed to read DnsConfig.
[0218/103915.444:WARNING:dns_config_service_win.cc(669)] Failed to read DnsConfig.
[0218/103920.452:WARNING:dns_config_service_win.cc(669)] Failed to read DnsConfig.
[0218/103925.457:WARNING:dns_config_service_win.cc(669)] Failed to read DnsConfig.
[0218/103930.460:WARNING:dns_config_service_win.cc(669)] Failed to read DnsConfig.
[0218/103935.462:WARNING:dns_config_service_win.cc(669)] Failed to read DnsConfig.
[0218/104027.329:WARNING:dns_config_service_win.cc(669)] Failed to read DnsConfig.
[0218/104032.331:WARNING:dns_config_service_win.cc(669)] Failed to read DnsConfig.
[0218/104037.333:WARNING:dns_config_service_win.cc(669)] Failed to read DnsConfig.
[0218/104042.335:WARNING:dns_config_service_win.cc(669)] Failed to read DnsConfig.
[0218/104047.337:WARNING:dns_config_service_win.cc(669)] Failed to read DnsConfig.
[0218/104052.340:WARNING:dns_config_service_win.cc(669)] Failed to read DnsConfig.
[0218/104057.342:WARNING:dns_config_service_win.cc(669)] Failed to read DnsConfig.
[0218/104113.643:WARNING:dns_config_service_win.cc(669)] Failed to read DnsConfig.
[0218/104118.646:WARNING:dns_config_service_win.cc(669)] Failed to read DnsConfig.
[0218/104123.648:WARNING:dns_config_service_win.cc(669)] Failed to read DnsConfig.
[0218/104128.656:WARNING:dns_config_service_win.cc(669)] Failed to read DnsConfig.
[0218/104133.660:WARNING:dns_config_service_win.cc(669)] Failed to read DnsConfig.
[0218/104138.663:WARNING:dns_config_service_win.cc(669)] Failed to read DnsConfig.
[0218/104143.664:WARNING:dns_config_service_win.cc(669)] Failed to read DnsConfig.
[0218/104148.668:WARNING:dns_config_service_win.cc(669)] Failed to read DnsConfig.
[0218/104153.672:WARNING:dns_config_service_win.cc(669)] Failed to read DnsConfig.
[0218/104158.675:WARNING:dns_config_service_win.cc(669)] Failed to read DnsConfig.
[0218/104203.680:WARNING:dns_config_service_win.cc(669)] Failed to read DnsConfig.
[0218/134347.226:WARNING:dns_config_service_win.cc(669)] Failed to read DnsConfig.
[0218/134352.249:WARNING:dns_config_service_win.cc(669)] Failed to read DnsConfig.
[0218/134357.251:WARNING:dns_config_service_win.cc(669)] Failed to read DnsConfig.
[0218/134402.252:WARNING:dns_config_service_win.cc(669)] Failed to read DnsConfig.
[0218/134407.255:WARNING:dns_config_service_win.cc(669)] Failed to read DnsConfig.
[0218/134412.257:WARNING:dns_config_service_win.cc(669)] Failed to read DnsConfig.
[0218/134417.260:WARNING:dns_config_service_win.cc(669)] Failed to read DnsConfig.
[0218/134422.265:WARNING:dns_config_service_win.cc(669)] Failed to read DnsConfig.
[0218/134427.269:WARNING:dns_config_service_win.cc(669)] Failed to read DnsConfig.
[0218/134432.273:WARNING:dns_config_service_win.cc(669)] Failed to read DnsConfig.
[0218/134437.278:WARNING:dns_config_service_win.cc(669)] Failed to read DnsConfig.
[0218/134442.283:WARNING:dns_config_service_win.cc(669)] Failed to read DnsConfig.
[0218/134447.288:WARNING:dns_config_service_win.cc(669)] Failed to read DnsConfig.
[0218/134452.292:WARNING:dns_config_service_win.cc(669)] Failed to read DnsConfig.
[0218/134457.296:WARNING:dns_config_service_win.cc(669)] Failed to read DnsConfig.
[0218/134502.300:WARNING:dns_config_service_win.cc(669)] Failed to read DnsConfig.
[0218/134507.303:WARNING:dns_config_service_win.cc(669)] Failed to read DnsConfig.
[0218/134512.308:WARNING:dns_config_service_win.cc(669)] Failed to read DnsConfig.
[0218/134517.309:WARNING:dns_config_service_win.cc(669)] Failed to read DnsConfig.
[0218/134522.314:WARNING:dns_config_service_win.cc(669)] Failed to read DnsConfig.
[0218/134527.317:WARNING:dns_config_service_win.cc(669)] Failed to read DnsConfig.
[0218/134532.322:WARNING:dns_config_service_win.cc(669)] Failed to read DnsConfig.
[0218/134537.328:WARNING:dns_config_service_win.cc(669)] Failed to read DnsConfig.
[0218/134542.331:WARNING:dns_config_service_win.cc(669)] Failed to read DnsConfig.
[0218/134547.335:WARNING:dns_config_service_win.cc(669)] Failed to read DnsConfig.
[0218/134552.338:WARNING:dns_config_service_win.cc(669)] Failed to read DnsConfig.
[0218/134557.343:WARNING:dns_config_service_win.cc(669)] Failed to read DnsConfig.
[0218/134602.348:WARNING:dns_config_service_win.cc(669)] Failed to read DnsConfig.
[0218/134607.349:WARNING:dns_config_service_win.cc(669)] Failed to read DnsConfig.
[0218/134612.352:WARNING:dns_config_service_win.cc(669)] Failed to read DnsConfig.
[0218/153533.762:WARNING:dns_config_service_win.cc(669)] Failed to read DnsConfig.
[0218/153533.789:WARNING:dns_config_service_win.cc(669)] Failed to read DnsConfig.
[0218/153533.804:WARNING:dns_config_service_win.cc(669)] Failed to read DnsConfig.
[0218/153537.538:WARNING:dns_config_service_win.cc(669)] Failed to read DnsConfig.
[0218/153538.764:WARNING:dns_config_service_win.cc(669)] Failed to read DnsConfig.
[0218/153538.791:WARNING:dns_config_service_win.cc(669)] Failed to read DnsConfig.
[0218/153538.807:WARNING:dns_config_service_win.cc(669)] Failed to read DnsConfig.
[0220/031100.854:INFO:child_thread_impl.cc(840)] ChildThreadImpl::EnsureConnected()
[0220/042519.137:INFO:child_thread_impl.cc(840)] ChildThreadImpl::EnsureConnected()
[0220/061802.406:ERROR:broker_win.cc(59)] Error reading broker pipe: The pipe has been ended. (0x6D)
[0220/173608.013:WARNING:dns_config_service_win.cc(669)] Failed to read DnsConfig.
[0220/173613.130:WARNING:dns_config_service_win.cc(669)] Failed to read DnsConfig.
[0220/173618.135:WARNING:dns_config_service_win.cc(669)] Failed to read DnsConfig.
[0220/173623.138:WARNING:dns_config_service_win.cc(669)] Failed to read DnsConfig.
[0220/173628.141:WARNING:dns_config_service_win.cc(669)] Failed to read DnsConfig.
[0220/173633.146:WARNING:dns_config_service_win.cc(669)] Failed to read DnsConfig.
[0220/173709.139:WARNING:dns_config_service_win.cc(669)] Failed to read DnsConfig.
[0220/173714.142:WARNING:dns_config_service_win.cc(669)] Failed to read DnsConfig.
[0220/173719.143:WARNING:dns_config_service_win.cc(669)] Failed to read DnsConfig.
[0220/173724.146:WARNING:dns_config_service_win.cc(669)] Failed to read DnsConfig.
[0220/173729.149:WARNING:dns_config_service_win.cc(669)] Failed to read DnsConfig.
[0220/173734.153:WARNING:dns_config_service_win.cc(669)] Failed to read DnsConfig.
[0220/173739.155:WARNING:dns_config_service_win.cc(669)] Failed to read DnsConfig.
[0220/173744.157:WARNING:dns_config_service_win.cc(669)] Failed to read DnsConfig.
[0220/181644.318:WARNING:dns_config_service_win.cc(669)] Failed to read DnsConfig.
[0220/181644.434:WARNING:dns_config_service_win.cc(669)] Failed to read DnsConfig.
[0220/181649.430:WARNING:dns_config_service_win.cc(669)] Failed to read DnsConfig.
[0220/181649.436:WARNING:dns_config_service_win.cc(669)] Failed to read DnsConfig.
[0220/181654.434:WARNING:dns_config_service_win.cc(669)] Failed to read DnsConfig.
[0220/181654.438:WARNING:dns_config_service_win.cc(669)] Failed to read DnsConfig.
[0220/181659.437:WARNING:dns_config_service_win.cc(669)] Failed to read DnsConfig.
[0220/181659.441:WARNING:dns_config_service_win.cc(669)] Failed to read DnsConfig.
[0220/181704.438:WARNING:dns_config_service_win.cc(669)] Failed to read DnsConfig.
[0220/181704.442:WARNING:dns_config_service_win.cc(669)] Failed to read DnsConfig.
[0220/181709.441:WARNING:dns_config_service_win.cc(669)] Failed to read DnsConfig.
[0220/181709.444:WARNING:dns_config_service_win.cc(669)] Failed to read DnsConfig.
[0220/181714.444:WARNING:dns_config_service_win.cc(669)] Failed to read DnsConfig.
[0220/181714.450:WARNING:dns_config_service_win.cc(669)] Failed to read DnsConfig.
[0220/181719.446:WARNING:dns_config_service_win.cc(669)] Failed to read DnsConfig.
[0220/181719.456:WARNING:dns_config_service_win.cc(669)] Failed to read DnsConfig.
[0220/181724.466:WARNING:dns_config_service_win.cc(669)] Failed to read DnsConfig.
[0220/181729.470:WARNING:dns_config_service_win.cc(669)] Failed to read DnsConfig.
[0220/181734.475:WARNING:dns_config_service_win.cc(669)] Failed to read DnsConfig.
[0220/181739.477:WARNING:dns_config_service_win.cc(669)] Failed to read DnsConfig.
[0220/181744.480:WARNING:dns_config_service_win.cc(669)] Failed to read DnsConfig.
[0220/181749.483:WARNING:dns_config_service_win.cc(669)] Failed to read DnsConfig.
[0220/181754.485:WARNING:dns_config_service_win.cc(669)] Failed to read DnsConfig.
[0220/181759.487:WARNING:dns_config_service_win.cc(669)] Failed to read DnsConfig.
[0220/181804.489:WARNING:dns_config_service_win.cc(669)] Failed to read DnsConfig.
[0220/181809.495:WARNING:dns_config_service_win.cc(669)] Failed to read DnsConfig.
[0220/181814.498:WARNING:dns_config_service_win.cc(669)] Failed to read DnsConfig.
[0220/181819.499:WARNING:dns_config_service_win.cc(669)] Failed to read DnsConfig.
[0220/181824.502:WARNING:dns_config_service_win.cc(669)] Failed to read DnsConfig.
[0220/181829.503:WARNING:dns_config_service_win.cc(669)] Failed to read DnsConfig.
[0220/181834.505:WARNING:dns_config_service_win.cc(669)] Failed to read DnsConfig.
[0220/181839.507:WARNING:dns_config_service_win.cc(669)] Failed to read DnsConfig.
[0220/181844.516:WARNING:dns_config_service_win.cc(669)] Failed to read DnsConfig.
[0220/181849.517:WARNING:dns_config_service_win.cc(669)] Failed to read DnsConfig.
[0220/181854.518:WARNING:dns_config_service_win.cc(669)] Failed to read DnsConfig.
[0220/181859.521:WARNING:dns_config_service_win.cc(669)] Failed to read DnsConfig.
[0220/181904.525:WARNING:dns_config_service_win.cc(669)] Failed to read DnsConfig.
[0220/181909.536:WARNING:dns_config_service_win.cc(669)] Failed to read DnsConfig.
[0220/181914.538:WARNING:dns_config_service_win.cc(669)] Failed to read DnsConfig.
[0220/181919.540:WARNING:dns_config_service_win.cc(669)] Failed to read DnsConfig.
[0220/181924.546:WARNING:dns_config_service_win.cc(669)] Failed to read DnsConfig.
[0220/181929.546:WARNING:dns_config_service_win.cc(669)] Failed to read DnsConfig.
[0220/181934.549:WARNING:dns_config_service_win.cc(669)] Failed to read DnsConfig.
[0220/181939.551:WARNING:dns_config_service_win.cc(669)] Failed to read DnsConfig.
[0220/181944.552:WARNING:dns_config_service_win.cc(669)] Failed to read DnsConfig.
[0220/181949.554:WARNING:dns_config_service_win.cc(669)] Failed to read DnsConfig.
[0220/181954.558:WARNING:dns_config_service_win.cc(669)] Failed to read DnsConfig.
[0220/181959.561:WARNING:dns_config_service_win.cc(669)] Failed to read DnsConfig.
[0220/182004.563:WARNING:dns_config_service_win.cc(669)] Failed to read DnsConfig.
[0220/182009.564:WARNING:dns_config_service_win.cc(669)] Failed to read DnsConfig.
[0220/182014.566:WARNING:dns_config_service_win.cc(669)] Failed to read DnsConfig.
[0220/182019.567:WARNING:dns_config_service_win.cc(669)] Failed to read DnsConfig.
[0220/182024.570:WARNING:dns_config_service_win.cc(669)] Failed to read DnsConfig.
[0220/182029.574:WARNING:dns_config_service_win.cc(669)] Failed to read DnsConfig.
[0220/182034.575:WARNING:dns_config_service_win.cc(669)] Failed to read DnsConfig.
[0220/182039.577:WARNING:dns_config_service_win.cc(669)] Failed to read DnsConfig.
[0220/182044.578:WARNING:dns_config_service_win.cc(669)] Failed to read DnsConfig.
[0220/182049.580:WARNING:dns_config_service_win.cc(669)] Failed to read DnsConfig.
[0220/182054.581:WARNING:dns_config_service_win.cc(669)] Failed to read DnsConfig.
[0220/182059.583:WARNING:dns_config_service_win.cc(669)] Failed to read DnsConfig.
[0220/182104.585:WARNING:dns_config_service_win.cc(669)] Failed to read DnsConfig.
[0220/182109.586:WARNING:dns_config_service_win.cc(669)] Failed to read DnsConfig.
[0220/182114.591:WARNING:dns_config_service_win.cc(669)] Failed to read DnsConfig.
[0220/182119.594:WARNING:dns_config_service_win.cc(669)] Failed to read DnsConfig.
[0220/182124.594:WARNING:dns_config_service_win.cc(669)] Failed to read DnsConfig.
[0220/182129.596:WARNING:dns_config_service_win.cc(669)] Failed to read DnsConfig.
[0220/182134.598:WARNING:dns_config_service_win.cc(669)] Failed to read DnsConfig.
[0220/182139.600:WARNING:dns_config_service_win.cc(669)] Failed to read DnsConfig.
[0220/182144.602:WARNING:dns_config_service_win.cc(669)] Failed to read DnsConfig.
[0220/182149.604:WARNING:dns_config_service_win.cc(669)] Failed to read DnsConfig.
[0220/182154.606:WARNING:dns_config_service_win.cc(669)] Failed to read DnsConfig.
[0220/182159.609:WARNING:dns_config_service_win.cc(669)] Failed to read DnsConfig.
[0220/182204.611:WARNING:dns_config_service_win.cc(669)] Failed to read DnsConfig.
[0220/182209.612:WARNING:dns_config_service_win.cc(669)] Failed to read DnsConfig.
[0220/182214.613:WARNING:dns_config_service_win.cc(669)] Failed to read DnsConfig.
[0220/182219.614:WARNING:dns_config_service_win.cc(669)] Failed to read DnsConfig.
[0220/182224.616:WARNING:dns_config_service_win.cc(669)] Failed to read DnsConfig.
[0220/182229.617:WARNING:dns_config_service_win.cc(669)] Failed to read DnsConfig.
[0220/182234.618:WARNING:dns_config_service_win.cc(669)] Failed to read DnsConfig.
[0220/182239.620:WARNING:dns_config_service_win.cc(669)] Failed to read DnsConfig.
[0220/182244.621:WARNING:dns_config_service_win.cc(669)] Failed to read DnsConfig.
[0220/182249.624:WARNING:dns_config_service_win.cc(669)] Failed to read DnsConfig.
[0220/182254.626:WARNING:dns_config_service_win.cc(669)] Failed to read DnsConfig.
[0220/182259.628:WARNING:dns_config_service_win.cc(669)] Failed to read DnsConfig.
[0220/182304.631:WARNING:dns_config_service_win.cc(669)] Failed to read DnsConfig.
[0220/182309.632:WARNING:dns_config_service_win.cc(669)] Failed to read DnsConfig.
[0220/182314.633:WARNING:dns_config_service_win.cc(669)] Failed to read DnsConfig.
[0220/182319.636:WARNING:dns_config_service_win.cc(669)] Failed to read DnsConfig.
[0220/182324.638:WARNING:dns_config_service_win.cc(669)] Failed to read DnsConfig.
[0220/182329.639:WARNING:dns_config_service_win.cc(669)] Failed to read DnsConfig.
[0220/182334.640:WARNING:dns_config_service_win.cc(669)] Failed to read DnsConfig.
[0220/182339.643:WARNING:dns_config_service_win.cc(669)] Failed to read DnsConfig.
[0220/182344.644:WARNING:dns_config_service_win.cc(669)] Failed to read DnsConfig.
[0220/182349.646:WARNING:dns_config_service_win.cc(669)] Failed to read DnsConfig.
[0220/182354.649:WARNING:dns_config_service_win.cc(669)] Failed to read DnsConfig.
[0220/182359.651:WARNING:dns_config_service_win.cc(669)] Failed to read DnsConfig.
[0220/182404.675:WARNING:dns_config_service_win.cc(669)] Failed to read DnsConfig.
[0220/182409.680:WARNING:dns_config_service_win.cc(669)] Failed to read DnsConfig.
[0220/182414.681:WARNING:dns_config_service_win.cc(669)] Failed to read DnsConfig.
[0220/182419.684:WARNING:dns_config_service_win.cc(669)] Failed to read DnsConfig.
[0220/182424.687:WARNING:dns_config_service_win.cc(669)] Failed to read DnsConfig.
[0220/182429.689:WARNING:dns_config_service_win.cc(669)] Failed to read DnsConfig.
[0220/182434.695:WARNING:dns_config_service_win.cc(669)] Failed to read DnsConfig.
[0220/182439.700:WARNING:dns_config_service_win.cc(669)] Failed to read DnsConfig.
[0220/182444.704:WARNING:dns_config_service_win.cc(669)] Failed to read DnsConfig.
[0220/182449.706:WARNING:dns_config_service_win.cc(669)] Failed to read DnsConfig.
[0220/182454.709:WARNING:dns_config_service_win.cc(669)] Failed to read DnsConfig.
[0220/182459.733:WARNING:dns_config_service_win.cc(669)] Failed to read DnsConfig.
[0220/182504.756:WARNING:dns_config_service_win.cc(669)] Failed to read DnsConfig.
[0220/182509.762:WARNING:dns_config_service_win.cc(669)] Failed to read DnsConfig.
[0220/182514.766:WARNING:dns_config_service_win.cc(669)] Failed to read DnsConfig.
[0220/182519.768:WARNING:dns_config_service_win.cc(669)] Failed to read DnsConfig.
[0220/182524.770:WARNING:dns_config_service_win.cc(669)] Failed to read DnsConfig.
[0220/182529.773:WARNING:dns_config_service_win.cc(669)] Failed to read DnsConfig.
[0220/182534.777:WARNING:dns_config_service_win.cc(669)] Failed to read DnsConfig.
[0220/182539.780:WARNING:dns_config_service_win.cc(669)] Failed to read DnsConfig.
[0220/182544.783:WARNING:dns_config_service_win.cc(669)] Failed to read DnsConfig.
[0220/182549.785:WARNING:dns_config_service_win.cc(669)] Failed to read DnsConfig.
[0220/182554.788:WARNING:dns_config_service_win.cc(669)] Failed to read DnsConfig.
[0220/182559.790:WARNING:dns_config_service_win.cc(669)] Failed to read DnsConfig.
[0220/182604.792:WARNING:dns_config_service_win.cc(669)] Failed to read DnsConfig.
[0220/182609.794:WARNING:dns_config_service_win.cc(669)] Failed to read DnsConfig.
[0220/182614.796:WARNING:dns_config_service_win.cc(669)] Failed to read DnsConfig.
[0220/182619.798:WARNING:dns_config_service_win.cc(669)] Failed to read DnsConfig.
[0220/182624.799:WARNING:dns_config_service_win.cc(669)] Failed to read DnsConfig.
[0220/182629.800:WARNING:dns_config_service_win.cc(669)] Failed to read DnsConfig.
[0220/182634.802:WARNING:dns_config_service_win.cc(669)] Failed to read DnsConfig.
[0220/182639.804:WARNING:dns_config_service_win.cc(669)] Failed to read DnsConfig.
[0220/182644.808:WARNING:dns_config_service_win.cc(669)] Failed to read DnsConfig.
[0220/182649.810:WARNING:dns_config_service_win.cc(669)] Failed to read DnsConfig.
[0220/182654.812:WARNING:dns_config_service_win.cc(669)] Failed to read DnsConfig.
[0220/182659.815:WARNING:dns_config_service_win.cc(669)] Failed to read DnsConfig.
[0220/182704.819:WARNING:dns_config_service_win.cc(669)] Failed to read DnsConfig.
[0220/182709.823:WARNING:dns_config_service_win.cc(669)] Failed to read DnsConfig.
[0220/182714.826:WARNING:dns_config_service_win.cc(669)] Failed to read DnsConfig.
[0220/182719.829:WARNING:dns_config_service_win.cc(669)] Failed to read DnsConfig.
[0220/182724.833:WARNING:dns_config_service_win.cc(669)] Failed to read DnsConfig.
[0220/182729.836:WARNING:dns_config_service_win.cc(669)] Failed to read DnsConfig.
[0220/182734.838:WARNING:dns_config_service_win.cc(669)] Failed to read DnsConfig.
[0220/182739.874:WARNING:dns_config_service_win.cc(669)] Failed to read DnsConfig.
[0220/182744.877:WARNING:dns_config_service_win.cc(669)] Failed to read DnsConfig.
[0220/182749.880:WARNING:dns_config_service_win.cc(669)] Failed to read DnsConfig.
[0220/182754.882:WARNING:dns_config_service_win.cc(669)] Failed to read DnsConfig.
[0220/182759.886:WARNING:dns_config_service_win.cc(669)] Failed to read DnsConfig.
[0220/182804.896:WARNING:dns_config_service_win.cc(669)] Failed to read DnsConfig.
[0220/182809.911:WARNING:dns_config_service_win.cc(669)] Failed to read DnsConfig.
[0220/182814.912:WARNING:dns_config_service_win.cc(669)] Failed to read DnsConfig.
[0220/182819.915:WARNING:dns_config_service_win.cc(669)] Failed to read DnsConfig.
[0220/182824.924:WARNING:dns_config_service_win.cc(669)] Failed to read DnsConfig.
[0220/182829.941:WARNING:dns_config_service_win.cc(669)] Failed to read DnsConfig.
[0220/182834.945:WARNING:dns_config_service_win.cc(669)] Failed to read DnsConfig.
[0220/182839.987:WARNING:dns_config_service_win.cc(669)] Failed to read DnsConfig.
[0220/182844.990:WARNING:dns_config_service_win.cc(669)] Failed to read DnsConfig.
[0220/182914.673:WARNING:dns_config_service_win.cc(669)] Failed to read DnsConfig.
[0220/182919.675:WARNING:dns_config_service_win.cc(669)] Failed to read DnsConfig.
[0220/182924.677:WARNING:dns_config_service_win.cc(669)] Failed to read DnsConfig.
[0220/182929.678:WARNING:dns_config_service_win.cc(669)] Failed to read DnsConfig.
[0220/182934.679:WARNING:dns_config_service_win.cc(669)] Failed to read DnsConfig.
[0220/182939.682:WARNING:dns_config_service_win.cc(669)] Failed to read DnsConfig.
[0220/182944.685:WARNING:dns_config_service_win.cc(669)] Failed to read DnsConfig.
[0220/182949.685:WARNING:dns_config_service_win.cc(669)] Failed to read DnsConfig.
[0220/182954.688:WARNING:dns_config_service_win.cc(669)] Failed to read DnsConfig.
[0220/182959.690:WARNING:dns_config_service_win.cc(669)] Failed to read DnsConfig.
[0220/183004.690:WARNING:dns_config_service_win.cc(669)] Failed to read DnsConfig.
[0220/183009.692:WARNING:dns_config_service_win.cc(669)] Failed to read DnsConfig.
[0220/183014.694:WARNING:dns_config_service_win.cc(669)] Failed to read DnsConfig.
[0220/183019.695:WARNING:dns_config_service_win.cc(669)] Failed to read DnsConfig.
[0220/183024.698:WARNING:dns_config_service_win.cc(669)] Failed to read DnsConfig.
[0220/183029.699:WARNING:dns_config_service_win.cc(669)] Failed to read DnsConfig.
[0220/183034.701:WARNING:dns_config_service_win.cc(669)] Failed to read DnsConfig.
[0220/183039.703:WARNING:dns_config_service_win.cc(669)] Failed to read DnsConfig.
[0220/183044.704:WARNING:dns_config_service_win.cc(669)] Failed to read DnsConfig.
[0220/183049.706:WARNING:dns_config_service_win.cc(669)] Failed to read DnsConfig.
[0220/183054.707:WARNING:dns_config_service_win.cc(669)] Failed to read DnsConfig.
[0220/183059.710:WARNING:dns_config_service_win.cc(669)] Failed to read DnsConfig.
[0220/183104.713:WARNING:dns_config_service_win.cc(669)] Failed to read DnsConfig.
[0220/183109.715:WARNING:dns_config_service_win.cc(669)] Failed to read DnsConfig.
[0220/183114.717:WARNING:dns_config_service_win.cc(669)] Failed to read DnsConfig.
[0220/183119.718:WARNING:dns_config_service_win.cc(669)] Failed to read DnsConfig.
[0220/183124.721:WARNING:dns_config_service_win.cc(669)] Failed to read DnsConfig.
[0220/183129.722:WARNING:dns_config_service_win.cc(669)] Failed to read DnsConfig.
[0220/183134.723:WARNING:dns_config_service_win.cc(669)] Failed to read DnsConfig.
[0220/183139.726:WARNING:dns_config_service_win.cc(669)] Failed to read DnsConfig.
[0220/183144.727:WARNING:dns_config_service_win.cc(669)] Failed to read DnsConfig.
[0220/183149.729:WARNING:dns_config_service_win.cc(669)] Failed to read DnsConfig.
[0220/183154.731:WARNING:dns_config_service_win.cc(669)] Failed to read DnsConfig.
[0220/183159.733:WARNING:dns_config_service_win.cc(669)] Failed to read DnsConfig.
[0220/183204.735:WARNING:dns_config_service_win.cc(669)] Failed to read DnsConfig.
[0220/183209.737:WARNING:dns_config_service_win.cc(669)] Failed to read DnsConfig.
[0220/183214.737:WARNING:dns_config_service_win.cc(669)] Failed to read DnsConfig.
[0220/183219.739:WARNING:dns_config_service_win.cc(669)] Failed to read DnsConfig.
[0220/183224.742:WARNING:dns_config_service_win.cc(669)] Failed to read DnsConfig.
[0220/183229.742:WARNING:dns_config_service_win.cc(669)] Failed to read DnsConfig.
[0220/183234.744:WARNING:dns_config_service_win.cc(669)] Failed to read DnsConfig.
[0220/183239.747:WARNING:dns_config_service_win.cc(669)] Failed to read DnsConfig.
[0220/183244.748:WARNING:dns_config_service_win.cc(669)] Failed to read DnsConfig.
[0220/183249.751:WARNING:dns_config_service_win.cc(669)] Failed to read DnsConfig.
[0220/183254.753:WARNING:dns_config_service_win.cc(669)] Failed to read DnsConfig.
[0220/183259.754:WARNING:dns_config_service_win.cc(669)] Failed to read DnsConfig.
[0220/183304.756:WARNING:dns_config_service_win.cc(669)] Failed to read DnsConfig.
[0220/183309.760:WARNING:dns_config_service_win.cc(669)] Failed to read DnsConfig.
[0220/183314.761:WARNING:dns_config_service_win.cc(669)] Failed to read DnsConfig.
[0220/183319.763:WARNING:dns_config_service_win.cc(669)] Failed to read DnsConfig.
[0220/183324.765:WARNING:dns_config_service_win.cc(669)] Failed to read DnsConfig.
[0220/183329.766:WARNING:dns_config_service_win.cc(669)] Failed to read DnsConfig.
[0220/183334.767:WARNING:dns_config_service_win.cc(669)] Failed to read DnsConfig.
[0220/183339.769:WARNING:dns_config_service_win.cc(669)] Failed to read DnsConfig.
[0220/183344.771:WARNING:dns_config_service_win.cc(669)] Failed to read DnsConfig.
[0220/183349.772:WARNING:dns_config_service_win.cc(669)] Failed to read DnsConfig.
[0220/183354.772:WARNING:dns_config_service_win.cc(669)] Failed to read DnsConfig.
[0220/183359.774:WARNING:dns_config_service_win.cc(669)] Failed to read DnsConfig.
[0220/183404.778:WARNING:dns_config_service_win.cc(669)] Failed to read DnsConfig.
[0220/183409.782:WARNING:dns_config_service_win.cc(669)] Failed to read DnsConfig.
[0220/183414.784:WARNING:dns_config_service_win.cc(669)] Failed to read DnsConfig.
[0220/183419.785:WARNING:dns_config_service_win.cc(669)] Failed to read DnsConfig.
[0220/183424.787:WARNING:dns_config_service_win.cc(669)] Failed to read DnsConfig.
[0220/183429.790:WARNING:dns_config_service_win.cc(669)] Failed to read DnsConfig.
[0220/183434.791:WARNING:dns_config_service_win.cc(669)] Failed to read DnsConfig.
[0220/183439.793:WARNING:dns_config_service_win.cc(669)] Failed to read DnsConfig.
[0220/183444.795:WARNING:dns_config_service_win.cc(669)] Failed to read DnsConfig.
[0220/183449.797:WARNING:dns_config_service_win.cc(669)] Failed to read DnsConfig.
[0220/183454.798:WARNING:dns_config_service_win.cc(669)] Failed to read DnsConfig.
[0220/183459.800:WARNING:dns_config_service_win.cc(669)] Failed to read DnsConfig.
[0220/183504.803:WARNING:dns_config_service_win.cc(669)] Failed to read DnsConfig.
[0220/183509.803:WARNING:dns_config_service_win.cc(669)] Failed to read DnsConfig.
[0220/183514.806:WARNING:dns_config_service_win.cc(669)] Failed to read DnsConfig.
[0220/183519.807:WARNING:dns_config_service_win.cc(669)] Failed to read DnsConfig.
[0220/183524.809:WARNING:dns_config_service_win.cc(669)] Failed to read DnsConfig.
[0220/183529.811:WARNING:dns_config_service_win.cc(669)] Failed to read DnsConfig.
[0220/183534.812:WARNING:dns_config_service_win.cc(669)] Failed to read DnsConfig.
[0220/183539.814:WARNING:dns_config_service_win.cc(669)] Failed to read DnsConfig.
[0220/183544.816:WARNING:dns_config_service_win.cc(669)] Failed to read DnsConfig.
[0220/183549.818:WARNING:dns_config_service_win.cc(669)] Failed to read DnsConfig.
[0220/183554.819:WARNING:dns_config_service_win.cc(669)] Failed to read DnsConfig.
[0220/183559.822:WARNING:dns_config_service_win.cc(669)] Failed to read DnsConfig.
[0220/183604.824:WARNING:dns_config_service_win.cc(669)] Failed to read DnsConfig.
[0220/183609.826:WARNING:dns_config_service_win.cc(669)] Failed to read DnsConfig.
[0220/183614.827:WARNING:dns_config_service_win.cc(669)] Failed to read DnsConfig.
[0220/183619.830:WARNING:dns_config_service_win.cc(669)] Failed to read DnsConfig.
[0220/183624.831:WARNING:dns_config_service_win.cc(669)] Failed to read DnsConfig.
[0220/183629.832:WARNING:dns_config_service_win.cc(669)] Failed to read DnsConfig.
[0220/183634.834:WARNING:dns_config_service_win.cc(669)] Failed to read DnsConfig.
[0220/183639.836:WARNING:dns_config_service_win.cc(669)] Failed to read DnsConfig.
[0220/183644.838:WARNING:dns_config_service_win.cc(669)] Failed to read DnsConfig.
[0220/183649.839:WARNING:dns_config_service_win.cc(669)] Failed to read DnsConfig.
[0220/183809.624:WARNING:dns_config_service_win.cc(669)] Failed to read DnsConfig.
[0220/222032.944:WARNING:dns_config_service_win.cc(669)] Failed to read DnsConfig.
[0220/222037.972:WARNING:dns_config_service_win.cc(669)] Failed to read DnsConfig.
[0220/222042.973:WARNING:dns_config_service_win.cc(669)] Failed to read DnsConfig.
[0220/222047.975:WARNING:dns_config_service_win.cc(669)] Failed to read DnsConfig.
[0220/222052.977:WARNING:dns_config_service_win.cc(669)] Failed to read DnsConfig.
[0220/222057.979:WARNING:dns_config_service_win.cc(669)] Failed to read DnsConfig.
[0220/222102.981:WARNING:dns_config_service_win.cc(669)] Failed to read DnsConfig.
[0220/222107.982:WARNING:dns_config_service_win.cc(669)] Failed to read DnsConfig.
[0220/222112.985:WARNING:dns_config_service_win.cc(669)] Failed to read DnsConfig.
[0224/235153.491:WARNING:angle_platform_impl.cc(51)] rx::HLSLCompiler::compileToBinary(228): 
C:\fakepath(60,24-44): warning X3571: pow(f, e) will not work for negative f, use abs(f) or conditionally handle negative values if you expect them

[0225/001809.147:ERROR:browser_host_impl.cc(1661)] Invalid URL passed to CefBrowserHostImpl::LoadURL: https://
[0225/001809.180:ERROR:browser_host_impl.cc(1661)] Invalid URL passed to CefBrowserHostImpl::LoadURL: https:/
[0225/001809.216:ERROR:browser_host_impl.cc(1661)] Invalid URL passed to CefBrowserHostImpl::LoadURL: https:
[0225/001831.115:INFO:CONSOLE(0)] "
%cStop!", source:  (0)
[0225/001831.115:INFO:CONSOLE(0)] "
%cThis is a browser feature intended for developers. If someone told you to copy and paste something here to enable a Facebook feature or "hack" someone's account, it is a scam and will give them access to your Facebook account.", source:  (0)
[0225/001831.115:INFO:CONSOLE(0)] "
%cSee https://www.facebook.com/selfxss for more information.", source:  (0)
[0225/001831.115:INFO:CONSOLE(0)] "
%c", source:  (0)
[0225/002307.914:ERROR:gles2_cmd_decoder.cc(5288)] GLES2DecoderImpl: Context lost because resize failed.
[0225/002307.914:ERROR:gles2_cmd_decoder.cc(5409)] Error: 5 for Command kResizeCHROMIUM
[0225/002308.033:ERROR:gpu_channel_manager.cc(204)] Exiting GPU process because some drivers cannot recover from problems.
[0225/002320.988:WARNING:spdy_session.cc(2914)] Received HEADERS for invalid stream 107
[0225/002320.988:WARNING:spdy_session.cc(2914)] Received HEADERS for invalid stream 83
[0225/002320.988:WARNING:spdy_session.cc(2914)] Received HEADERS for invalid stream 103
[0225/002320.988:WARNING:spdy_session.cc(2914)] Received HEADERS for invalid stream 101
[0225/002320.988:WARNING:spdy_session.cc(2914)] Received HEADERS for invalid stream 97
[0225/002321.023:WARNING:spdy_session.cc(2914)] Received HEADERS for invalid stream 131
[0225/002321.024:WARNING:spdy_session.cc(2914)] Received HEADERS for invalid stream 129
[0225/002321.024:WARNING:spdy_session.cc(2914)] Received HEADERS for invalid stream 127
[0225/002321.064:WARNING:spdy_session.cc(2914)] Received HEADERS for invalid stream 125
[0225/002321.240:WARNING:spdy_session.cc(2914)] Received HEADERS for invalid stream 123
[0225/002321.240:WARNING:spdy_session.cc(2914)] Received HEADERS for invalid stream 133
[0225/002321.240:WARNING:spdy_session.cc(2914)] Received HEADERS for invalid stream 121
[0225/002321.283:WARNING:spdy_session.cc(2914)] Received HEADERS for invalid stream 119
[0225/002321.306:WARNING:spdy_session.cc(2914)] Received HEADERS for invalid stream 117
[0225/002321.351:WARNING:spdy_session.cc(2914)] Received HEADERS for invalid stream 111
[0225/002321.359:WARNING:spdy_session.cc(2914)] Received HEADERS for invalid stream 115
[0225/002321.367:WARNING:spdy_session.cc(2914)] Received HEADERS for invalid stream 113
[0225/002415.352:WARNING:angle_platform_impl.cc(51)] rx::HLSLCompiler::compileToBinary(228): 
C:\fakepath(96,32-88): warning X3571: pow(f, e) will not work for negative f, use abs(f) or conditionally handle negative values if you expect them

[0225/002415.362:WARNING:angle_platform_impl.cc(51)] rx::HLSLCompiler::compileToBinary(228): 
C:\fakepath(199,32-88): warning X3571: pow(f, e) will not work for negative f, use abs(f) or conditionally handle negative values if you expect them
C:\fakepath(200,32-88): warning X3571: pow(f, e) will not work for negative f, use abs(f) or conditionally handle negative values if you expect them

[0225/002511.314:INFO:CONSOLE(0)] "
%cStop!", source:  (0)
[0225/002511.314:INFO:CONSOLE(0)] "
%cThis is a browser feature intended for developers. If someone told you to copy and paste something here to enable a Facebook feature or "hack" someone's account, it is a scam and will give them access to your Facebook account.", source:  (0)
[0225/002511.314:INFO:CONSOLE(0)] "
%cSee https://www.facebook.com/selfxss for more information.", source:  (0)
[0225/002511.314:INFO:CONSOLE(0)] "
%c", source:  (0)
[0225/002520.612:WARNING:spdy_session.cc(2914)] Received HEADERS for invalid stream 11
[0225/002521.138:ERROR:browser_host_impl.cc(1661)] Invalid URL passed to CefBrowserHostImpl::LoadURL: https://
[0225/002521.167:ERROR:browser_host_impl.cc(1661)] Invalid URL passed to CefBrowserHostImpl::LoadURL: https:/
[0225/002521.202:ERROR:browser_host_impl.cc(1661)] Invalid URL passed to CefBrowserHostImpl::LoadURL: https:
[0225/002527.749:ERROR:service_manager.cc(157)] Connection InterfaceProviderSpec prevented service: content_renderer from binding interface: blink::mojom::ReportingServiceProxy exposed by: content_browser
[0225/002527.749:INFO:CONSOLE(0)] "Styling master document from stylesheets defined in HTML Imports is deprecated, and is planned to be removed in M65, around March 2018. Please refer to https://goo.gl/EGXzpw for possible migration paths.", source:  (0)
[0225/002528.195:WARNING:extension_protocols.cc(477)] Failed to GetPathForExtension: invalid
[0225/002528.196:WARNING:url_request_job_manager.cc(90)] Failed to map: chrome-extension://invalid/
[0225/002528.552:WARNING:extension_protocols.cc(477)] Failed to GetPathForExtension: invalid
[0225/002528.552:WARNING:url_request_job_manager.cc(90)] Failed to map: chrome-extension://invalid/
[0225/002528.804:INFO:CONSOLE(1122)] "<link rel=preload> must have a valid `as` value", source: https://s.ytimg.com/yts/jsbin/desktop_polymer-vfllx-q4O/desktop_polymer.js (1122)
[0225/002529.565:ERROR:quota_settings.cc(95)] Unable to compute QuotaSettings.
[0225/002529.572:WARNING:quota_manager.cc(1629)] No storage quota provided in QuotaSettings.
[0225/002706.472:ERROR:browser_host_impl.cc(1661)] Invalid URL passed to CefBrowserHostImpl::LoadURL: ://localhost/webTech/
[0225/002707.582:ERROR:browser_host_impl.cc(1661)] Invalid URL passed to CefBrowserHostImpl::LoadURL: ://localhost/webTech/
[0225/002708.638:ERROR:browser_host_impl.cc(1661)] Invalid URL passed to CefBrowserHostImpl::LoadURL: /
[0225/002820.568:ERROR:browser_host_impl.cc(1661)] Invalid URL passed to CefBrowserHostImpl::LoadURL: ://localhost/webTech/
[0225/002821.886:ERROR:browser_host_impl.cc(1661)] Invalid URL passed to CefBrowserHostImpl::LoadURL: /
[0225/002919.372:INFO:CONSOLE(0)] "
%cStop!", source:  (0)
[0225/002919.373:INFO:CONSOLE(0)] "
%cThis is a browser feature intended for developers. If someone told you to copy and paste something here to enable a Facebook feature or "hack" someone's account, it is a scam and will give them access to your Facebook account.", source:  (0)
[0225/002919.373:INFO:CONSOLE(0)] "
%cSee https://www.facebook.com/selfxss for more information.", source:  (0)
[0225/002919.373:INFO:CONSOLE(0)] "
%c", source:  (0)
[0225/002926.065:INFO:CONSOLE(0)] "
%cStop!", source:  (0)
[0225/002926.065:INFO:CONSOLE(0)] "
%cThis is a browser feature intended for developers. If someone told you to copy and paste something here to enable a Facebook feature or "hack" someone's account, it is a scam and will give them access to your Facebook account.", source:  (0)
[0225/002926.065:INFO:CONSOLE(0)] "
%cSee https://www.facebook.com/selfxss for more information.", source:  (0)
[0225/002926.066:INFO:CONSOLE(0)] "
%c", source:  (0)
[0225/003049.730:INFO:CONSOLE(0)] "
%cStop!", source:  (0)
[0225/003049.730:INFO:CONSOLE(0)] "
%cThis is a browser feature intended for developers. If someone told you to copy and paste something here to enable a Facebook feature or "hack" someone's account, it is a scam and will give them access to your Facebook account.", source:  (0)
[0225/003049.730:INFO:CONSOLE(0)] "
%cSee https://www.facebook.com/selfxss for more information.", source:  (0)
[0225/003049.730:INFO:CONSOLE(0)] "
%c", source:  (0)
[0225/003149.476:ERROR:gles2_cmd_decoder.cc(5288)] GLES2DecoderImpl: Context lost because resize failed.
[0225/003149.477:ERROR:gles2_cmd_decoder.cc(5409)] Error: 5 for Command kResizeCHROMIUM
[0225/003149.478:ERROR:gpu_channel_manager.cc(204)] Exiting GPU process because some drivers cannot recover from problems.
[0225/004037.174:ERROR:service_manager.cc(157)] Connection InterfaceProviderSpec prevented service: content_renderer from binding interface: blink::mojom::ReportingServiceProxy exposed by: content_browser
[0225/004037.177:INFO:CONSOLE(0)] "Styling master document from stylesheets defined in HTML Imports is deprecated, and is planned to be removed in M65, around March 2018. Please refer to https://goo.gl/EGXzpw for possible migration paths.", source:  (0)
[0225/004040.058:WARNING:extension_protocols.cc(477)] Failed to GetPathForExtension: invalid
[0225/004040.058:WARNING:url_request_job_manager.cc(90)] Failed to map: chrome-extension://invalid/
[0225/004040.486:WARNING:extension_protocols.cc(477)] Failed to GetPathForExtension: invalid
[0225/004040.486:WARNING:url_request_job_manager.cc(90)] Failed to map: chrome-extension://invalid/
[0225/004040.703:INFO:CONSOLE(1122)] "<link rel=preload> must have a valid `as` value", source: https://s.ytimg.com/yts/jsbin/desktop_polymer-vfllx-q4O/desktop_polymer.js (1122)
[0225/004040.852:ERROR:quota_settings.cc(95)] Unable to compute QuotaSettings.
[0225/004040.852:WARNING:quota_manager.cc(1629)] No storage quota provided in QuotaSettings.
[0225/004048.231:WARNING:spdy_session.cc(2914)] Received HEADERS for invalid stream 105
[0225/004104.499:WARNING:spdy_session.cc(2914)] Received HEADERS for invalid stream 175
[0225/004105.873:INFO:CONSOLE(3205)] "paper-tooltip:", source: https://s.ytimg.com/yts/jsbin/desktop_polymer-vfllx-q4O/desktop_polymer.js (3205)
[0225/004105.980:INFO:CONSOLE(3205)] "paper-tooltip:", source: https://s.ytimg.com/yts/jsbin/desktop_polymer-vfllx-q4O/desktop_polymer.js (3205)
[0225/004123.539:WARNING:spdy_session.cc(2914)] Received HEADERS for invalid stream 255
[0225/004128.151:WARNING:spdy_session.cc(2914)] Received HEADERS for invalid stream 257
[0225/004151.969:WARNING:spdy_session.cc(2914)] Received HEADERS for invalid stream 277
[0225/004155.553:WARNING:spdy_session.cc(2914)] Received HEADERS for invalid stream 281
[0225/004438.615:ERROR:cache_util_win.cc(20)] Unable to move the cache: 5
[0225/004438.615:ERROR:cache_util.cc(134)] Unable to move cache folder GPUCache to old_GPUCache_000
[0225/004438.615:ERROR:disk_cache.cc(169)] Unable to create cache
[0225/004438.615:ERROR:shader_disk_cache.cc(601)] Shader Cache Creation failed: -2
[0225/010315.536:WARNING:PushPullFIFO.cpp(182)] PushPullFIFO: underflow while pulling (underflowCount=1, availableFrames=0, requestedFrames=480, fifoLength=8192)
[0225/051134.880:WARNING:dns_config_service_win.cc(669)] Failed to read DnsConfig.
[0225/051421.856:WARNING:dns_config_service_win.cc(669)] Failed to read DnsConfig.
[0225/051512.513:WARNING:dns_config_service_win.cc(669)] Failed to read DnsConfig.
[0225/063913.048:ERROR:broker_win.cc(138)] Error sending sync broker message
